[    0.000000] Linux version 4.15.0-212-generic (buildd@lcy02-amd64-083) (gcc version 7.5.0 (Ubuntu 7.5.0-3ubuntu1~18.04)) #223-Ubuntu SMP Tue May 23 13:09:22 UTC 2023 (Ubuntu 4.15.0-212.223-generic 4.15.18)
[    0.000000] Command line: BOOT_IMAGE=/boot/vmlinuz-4.15.0-212-generic root=LABEL=cloudimg-rootfs ro console=tty1 console=ttyS0
[    0.000000] KERNEL supported cpus:
[    0.000000]   Intel GenuineIntel
[    0.000000]   AMD AuthenticAMD
[    0.000000]   Centaur CentaurHauls
[    0.000000] x86/fpu: Supporting XSAVE feature 0x001: 'x87 floating point registers'
[    0.000000] x86/fpu: Supporting XSAVE feature 0x002: 'SSE registers'
[    0.000000] x86/fpu: Supporting XSAVE feature 0x004: 'AVX registers'
[    0.000000] x86/fpu: xstate_offset[2]:  576, xstate_sizes[2]:  256
[    0.000000] x86/fpu: Enabled xstate features 0x7, context size is 832 bytes, using 'standard' format.
[    0.000000] e820: BIOS-provided physical RAM map:
[    0.000000] BIOS-e820: [mem 0x0000000000000000-0x000000000009fbff] usable
[    0.000000] BIOS-e820: [mem 0x000000000009fc00-0x000000000009ffff] reserved
[    0.000000] BIOS-e820: [mem 0x00000000000f0000-0x00000000000fffff] reserved
[    0.000000] BIOS-e820: [mem 0x0000000000100000-0x000000003ffeffff] usable
[    0.000000] BIOS-e820: [mem 0x000000003fff0000-0x000000003fffffff] ACPI data
[    0.000000] BIOS-e820: [mem 0x00000000fec00000-0x00000000fec00fff] reserved
[    0.000000] BIOS-e820: [mem 0x00000000fee00000-0x00000000fee00fff] reserved
[    0.000000] BIOS-e820: [mem 0x00000000fffc0000-0x00000000ffffffff] reserved
[    0.000000] NX (Execute Disable) protection: active
[    0.000000] SMBIOS 2.5 present.
[    0.000000] DMI: innotek GmbH VirtualBox/VirtualBox, BIOS VirtualBox 12/01/2006
[    0.000000] Hypervisor detected: KVM
[    0.000000] e820: last_pfn = 0x3fff0 max_arch_pfn = 0x400000000
[    0.000000] MTRR: Disabled
[    0.000000] x86/PAT: MTRRs disabled, skipping PAT initialization too.
[    0.000000] CPU MTRRs all blank - virtualized system.
[    0.000000] x86/PAT: Configuration [0-7]: WB  WT  UC- UC  WB  WT  UC- UC  
[    0.000000] found SMP MP-table at [mem 0x0009fff0-0x0009ffff]
[    0.000000] Scanning 1 areas for low memory corruption
[    0.000000] RAMDISK: [mem 0x359cb000-0x36cdcfff]
[    0.000000] ACPI: Early table checksum verification disabled
[    0.000000] ACPI: RSDP 0x00000000000E0000 000024 (v02 VBOX  )
[    0.000000] ACPI: XSDT 0x000000003FFF0030 00003C (v01 VBOX   VBOXXSDT 00000001 ASL  00000061)
[    0.000000] ACPI: FACP 0x000000003FFF00F0 0000F4 (v04 VBOX   VBOXFACP 00000001 ASL  00000061)
[    0.000000] ACPI: DSDT 0x000000003FFF0610 002353 (v02 VBOX   VBOXBIOS 00000002 INTL 20230628)
[    0.000000] ACPI: FACS 0x000000003FFF0200 000040
[    0.000000] ACPI: FACS 0x000000003FFF0200 000040
[    0.000000] ACPI: APIC 0x000000003FFF0240 00005C (v02 VBOX   VBOXAPIC 00000001 ASL  00000061)
[    0.000000] ACPI: SSDT 0x000000003FFF02A0 00036C (v01 VBOX   VBOXCPUT 00000002 INTL 20230628)
[    0.000000] ACPI: Reserving FACP table memory at [mem 0x3fff00f0-0x3fff01e3]
[    0.000000] ACPI: Reserving DSDT table memory at [mem 0x3fff0610-0x3fff2962]
[    0.000000] ACPI: Reserving FACS table memory at [mem 0x3fff0200-0x3fff023f]
[    0.000000] ACPI: Reserving FACS table memory at [mem 0x3fff0200-0x3fff023f]
[    0.000000] ACPI: Reserving APIC table memory at [mem 0x3fff0240-0x3fff029b]
[    0.000000] ACPI: Reserving SSDT table memory at [mem 0x3fff02a0-0x3fff060b]
[    0.000000] No NUMA configuration found
[    0.000000] Faking a node at [mem 0x0000000000000000-0x000000003ffeffff]
[    0.000000] NODE_DATA(0) allocated [mem 0x3ffc5000-0x3ffeffff]
[    0.000000] kvm-clock: cpu 0, msr 0:3ff44001, primary cpu clock
[    0.000000] kvm-clock: Using msrs 4b564d01 and 4b564d00
[    0.000000] kvm-clock: using sched offset of 4117489882 cycles
[    0.000000] clocksource: kvm-clock: mask: 0xffffffffffffffff max_cycles: 0x1cd42e4dffb, max_idle_ns: 881590591483 ns
[    0.000000] Zone ranges:
[    0.000000]   DMA      [mem 0x0000000000001000-0x0000000000ffffff]
[    0.000000]   DMA32    [mem 0x0000000001000000-0x000000003ffeffff]
[    0.000000]   Normal   empty
[    0.000000]   Device   empty
[    0.000000] Movable zone start for each node
[    0.000000] Early memory node ranges
[    0.000000]   node   0: [mem 0x0000000000001000-0x000000000009efff]
[    0.000000]   node   0: [mem 0x0000000000100000-0x000000003ffeffff]
[    0.000000] Reserved but unavailable: 104 pages
[    0.000000] Initmem setup node 0 [mem 0x0000000000001000-0x000000003ffeffff]
[    0.000000] ACPI: PM-Timer IO Port: 0x4008
[    0.000000] IOAPIC[0]: apic_id 2, version 32, address 0xfec00000, GSI 0-23
[    0.000000] ACPI: INT_SRC_OVR (bus 0 bus_irq 0 global_irq 2 dfl dfl)
[    0.000000] ACPI: INT_SRC_OVR (bus 0 bus_irq 9 global_irq 9 low level)
[    0.000000] Using ACPI (MADT) for SMP configuration information
[    0.000000] smpboot: Allowing 2 CPUs, 0 hotplug CPUs
[    0.000000] PM: Registered nosave memory: [mem 0x00000000-0x00000fff]
[    0.000000] PM: Registered nosave memory: [mem 0x0009f000-0x0009ffff]
[    0.000000] PM: Registered nosave memory: [mem 0x000a0000-0x000effff]
[    0.000000] PM: Registered nosave memory: [mem 0x000f0000-0x000fffff]
[    0.000000] e820: [mem 0x40000000-0xfebfffff] available for PCI devices
[    0.000000] Booting paravirtualized kernel on KVM
[    0.000000] clocksource: refined-jiffies: mask: 0xffffffff max_cycles: 0xffffffff, max_idle_ns: 7645519600211568 ns
[    0.000000] setup_percpu: NR_CPUS:8192 nr_cpumask_bits:2 nr_cpu_ids:2 nr_node_ids:1
[    0.000000] percpu: Embedded 50 pages/cpu s167936 r8192 d28672 u1048576
[    0.000000] PV qspinlock hash table entries: 256 (order: 0, 4096 bytes)
[    0.000000] Built 1 zonelists, mobility grouping on.  Total pages: 257913
[    0.000000] Policy zone: DMA32
[    0.000000] Kernel command line: BOOT_IMAGE=/boot/vmlinuz-4.15.0-212-generic root=LABEL=cloudimg-rootfs ro console=tty1 console=ttyS0
[    0.000000] Memory: 982644K/1048120K available (12300K kernel code, 2477K rwdata, 4324K rodata, 2480K init, 2720K bss, 65476K reserved, 0K cma-reserved)
[    0.000000] SLUB: HWalign=64, Order=0-3, MinObjects=0, CPUs=2, Nodes=1
[    0.000000] Kernel/User page tables isolation: enabled
[    0.000000] ftrace: allocating 39508 entries in 155 pages
[    0.004000] Hierarchical RCU implementation.
[    0.004000] 	RCU restricting CPUs from NR_CPUS=8192 to nr_cpu_ids=2.
[    0.004000] 	Tasks RCU enabled.
[    0.004000] RCU: Adjusting geometry for rcu_fanout_leaf=16, nr_cpu_ids=2
[    0.004000] NR_IRQS: 524544, nr_irqs: 440, preallocated irqs: 16
[    0.004000] random: crng init done
[    0.004000] Console: colour VGA+ 80x25
[    0.004000] console [tty1] enabled
[    0.004000] console [ttyS0] enabled
[    0.004000] ACPI: Core revision 20170831
[    0.004000] ACPI: 2 ACPI AML tables successfully acquired and loaded
[    0.004000] APIC: Switch to symmetric I/O mode setup
[    0.004000] x2apic enabled
[    0.004000] Switched APIC routing to physical x2apic.
[    0.004000] ..TIMER: vector=0x30 apic1=0 pin1=2 apic2=-1 pin2=-1
[    0.004000] tsc: Detected 1992.003 MHz processor
[    0.004000] Calibrating delay loop (skipped) preset value.. 3984.00 BogoMIPS (lpj=7968012)
[    0.004000] pid_max: default: 32768 minimum: 301
[    0.004058] Security Framework initialized
[    0.008009] Yama: becoming mindful.
[    0.009633] AppArmor: AppArmor initialized
[    0.012789] Dentry cache hash table entries: 131072 (order: 8, 1048576 bytes)
[    0.016102] Inode-cache hash table entries: 65536 (order: 7, 524288 bytes)
[    0.020021] Mount-cache hash table entries: 2048 (order: 2, 16384 bytes)
[    0.024009] Mountpoint-cache hash table entries: 2048 (order: 2, 16384 bytes)
[    0.028295] Last level iTLB entries: 4KB 64, 2MB 8, 4MB 8
[    0.030581] Last level dTLB entries: 4KB 64, 2MB 0, 4MB 0, 1GB 4
[    0.032008] Spectre V1 : Mitigation: usercopy/swapgs barriers and __user pointer sanitization
[    0.036009] Spectre V2 : Mitigation: Retpolines
[    0.037770] Spectre V2 : Spectre v2 / SpectreRSB mitigation: Filling RSB on context switch
[    0.040003] Spectre V2 : Spectre v2 / SpectreRSB : Filling RSB on VMEXIT
[    0.044003] RETBleed: WARNING: Spectre v2 mitigation leaves CPU vulnerable to RETBleed attacks, data leaks possible!
[    0.048003] RETBleed: Vulnerable
[    0.049316] Speculative Store Bypass: Vulnerable
[    0.052182] MDS: Mitigation: Clear CPU buffers
[    0.053901] MMIO Stale Data: Mitigation: Clear CPU buffers
[    0.056006] SRBDS: Unknown: Dependent on hypervisor status
[    0.060026] Freeing SMP alternatives memory: 36K
[    0.173241] smpboot: CPU0: Intel(R) Core(TM) i3-6006U CPU @ 2.00GHz (family: 0x6, model: 0x4e, stepping: 0x3)
[    0.176000] Performance Events: unsupported p6 CPU model 78 no PMU driver, software events only.
[    0.176082] Hierarchical SRCU implementation.
[    0.180852] NMI watchdog: Perf event create on CPU 0 failed with -2
[    0.184011] NMI watchdog: Perf NMI watchdog permanently disabled
[    0.188101] smp: Bringing up secondary CPUs ...
[    0.192023] x86: Booting SMP configuration:
[    0.193720] .... node  #0, CPUs:      #1
[    0.004000] kvm-clock: cpu 1, msr 0:3ff44041, secondary cpu clock
[    0.200038] smp: Brought up 1 node, 2 CPUs
[    0.201686] smpboot: Max logical packages: 1
[    0.204010] smpboot: Total of 2 processors activated (7968.01 BogoMIPS)
[    0.208006] devtmpfs: initialized
[    0.209610] x86/mm: Memory block size: 128MB
[    0.211705] evm: security.selinux
[    0.212012] evm: security.SMACK64
[    0.213564] evm: security.SMACK64EXEC
[    0.216008] evm: security.SMACK64TRANSMUTE
[    0.217743] evm: security.SMACK64MMAP
[    0.219666] evm: security.apparmor
[    0.220008] evm: security.ima
[    0.221620] evm: security.capability
[    0.224205] clocksource: jiffies: mask: 0xffffffff max_cycles: 0xffffffff, max_idle_ns: 7645041785100000 ns
[    0.228053] futex hash table entries: 512 (order: 3, 32768 bytes)
[    0.230564] pinctrl core: initialized pinctrl subsystem
[    0.233031] RTC time: 18:30:34, date: 08/16/24
[    0.236290] NET: Registered protocol family 16
[    0.238185] audit: initializing netlink subsys (disabled)
[    0.240053] audit: type=2000 audit(1723833040.507:1): state=initialized audit_enabled=0 res=1
[    0.244023] cpuidle: using governor ladder
[    0.245671] cpuidle: using governor menu
[    0.248076] ACPI: bus type PCI registered
[    0.249880] acpiphp: ACPI Hot Plug PCI Controller Driver version: 0.5
[    0.252159] PCI: Using configuration type 1 for base access
[    0.257246] HugeTLB registered 2.00 MiB page size, pre-allocated 0 pages
[    0.260113] ACPI: Added _OSI(Module Device)
[    0.261767] ACPI: Added _OSI(Processor Device)
[    0.263498] ACPI: Added _OSI(3.0 _SCP Extensions)
[    0.264012] ACPI: Added _OSI(Processor Aggregator Device)
[    0.266075] ACPI: Added _OSI(Linux-Dell-Video)
[    0.268011] ACPI: Added _OSI(Linux-Lenovo-NV-HDMI-Audio)
[    0.270086] ACPI: Added _OSI(Linux-HPI-Hybrid-Graphics)
[    0.272452] ACPI: Executed 1 blocks of module-level executable AML code
[    0.283146] ACPI: Interpreter enabled
[    0.284026] ACPI: (supports S0 S5)
[    0.285409] ACPI: Using IOAPIC for interrupt routing
[    0.288473] PCI: Using host bridge windows from ACPI; if necessary, use "pci=nocrs" and report a bug
[    0.292300] ACPI: Enabled 2 GPEs in block 00 to 07
[    0.305970] ACPI: PCI Root Bridge [PCI0] (domain 0000 [bus 00-ff])
[    0.308011] acpi PNP0A03:00: _OSC: OS supports [ASPM ClockPM Segments MSI]
[    0.311539] acpi PNP0A03:00: _OSC: not requesting OS control; OS requires [ExtendedConfig ASPM ClockPM MSI]
[    0.312026] acpi PNP0A03:00: fail to add MMCONFIG information, can't access extended PCI configuration space under this bridge.
[    0.320520] PCI host bridge to bus 0000:00
[    0.324006] pci_bus 0000:00: root bus resource [io  0x0000-0x0cf7 window]
[    0.326513] pci_bus 0000:00: root bus resource [io  0x0d00-0xffff window]
[    0.328005] pci_bus 0000:00: root bus resource [mem 0x000a0000-0x000bffff window]
[    0.332005] pci_bus 0000:00: root bus resource [mem 0x40000000-0xfdffffff window]
[    0.335006] pci_bus 0000:00: root bus resource [bus 00-ff]
[    0.340820] pci 0000:00:01.1: legacy IDE quirk: reg 0x10: [io  0x01f0-0x01f7]
[    0.342994] pci 0000:00:01.1: legacy IDE quirk: reg 0x14: [io  0x03f6]
[    0.344004] pci 0000:00:01.1: legacy IDE quirk: reg 0x18: [io  0x0170-0x0177]
[    0.346125] pci 0000:00:01.1: legacy IDE quirk: reg 0x1c: [io  0x0376]
[    0.374272] pci 0000:00:07.0: quirk: [io  0x4000-0x403f] claimed by PIIX4 ACPI
[    0.376046] pci 0000:00:07.0: quirk: [io  0x4100-0x410f] claimed by PIIX4 SMB
[    0.396760] ACPI: PCI Interrupt Link [LNKA] (IRQs 5 9 10 *11)
[    0.399751] ACPI: PCI Interrupt Link [LNKB] (IRQs 5 9 *10 11)
[    0.400207] ACPI: PCI Interrupt Link [LNKC] (IRQs 5 *9 10 11)
[    0.404204] ACPI: PCI Interrupt Link [LNKD] (IRQs 5 9 10 *11)
[    0.407010] SCSI subsystem initialized
[    0.408062] pci 0000:00:02.0: vgaarb: setting as boot VGA device
[    0.410323] pci 0000:00:02.0: vgaarb: VGA device added: decodes=io+mem,owns=io+mem,locks=none
[    0.412014] pci 0000:00:02.0: vgaarb: bridge control possible
[    0.416008] vgaarb: loaded
[    0.417150] ACPI: bus type USB registered
[    0.418729] usbcore: registered new interface driver usbfs
[    0.420022] usbcore: registered new interface driver hub
[    0.421761] usbcore: registered new device driver usb
[    0.424088] EDAC MC: Ver: 3.0.0
[    0.425476] PCI: Using ACPI for IRQ routing
[    0.428448] NetLabel: Initializing
[    0.429614] NetLabel:  domain hash size = 128
[    0.430992] NetLabel:  protocols = UNLABELED CIPSOv4 CALIPSO
[    0.432032] NetLabel:  unlabeled traffic allowed by default
[    0.436162] clocksource: Switched to clocksource kvm-clock
[    0.448026] VFS: Disk quotas dquot_6.6.0
[    0.448026] VFS: Dquot-cache hash table entries: 512 (order 0, 4096 bytes)
[    0.448026] AppArmor: AppArmor Filesystem Enabled
[    0.448026] pnp: PnP ACPI init
[    0.448026] pnp: PnP ACPI: found 3 devices
[    0.475603] clocksource: acpi_pm: mask: 0xffffff max_cycles: 0xffffff, max_idle_ns: 2085701024 ns
[    0.476061] NET: Registered protocol family 2
[    0.476061] IP idents hash table entries: 16384 (order: 5, 131072 bytes)
[    0.485652] TCP established hash table entries: 8192 (order: 4, 65536 bytes)
[    0.489082] TCP bind hash table entries: 8192 (order: 5, 131072 bytes)
[    0.491547] TCP: Hash tables configured (established 8192 bind 8192)
[    0.493042] UDP hash table entries: 512 (order: 2, 16384 bytes)
[    0.493042] UDP-Lite hash table entries: 512 (order: 2, 16384 bytes)
[    0.493042] NET: Registered protocol family 1
[    0.493042] pci 0000:00:00.0: Limiting direct PCI/PCI transfers
[    0.493042] pci 0000:00:01.0: Activating ISA DMA hang workarounds
[    0.493042] pci 0000:00:02.0: Video device with shadowed ROM at [mem 0x000c0000-0x000dffff]
[    0.509569] Unpacking initramfs...
[    0.988672] Freeing initrd memory: 19528K
[    0.990615] clocksource: tsc: mask: 0xffffffffffffffff max_cycles: 0x396d5809302, max_idle_ns: 881590667022 ns
[    0.994608] platform rtc_cmos: registered platform RTC device (no PNP device found)
[    0.998168] Scanning for low memory corruption every 60 seconds
[    1.001544] Initialise system trusted keyrings
[    1.003354] Key type blacklist registered
[    1.005350] workingset: timestamp_bits=36 max_order=18 bucket_order=0
[    1.009737] zbud: loaded
[    1.011832] squashfs: version 4.0 (2009/01/31) Phillip Lougher
[    1.014582] fuse init (API version 7.26)
[    1.021414] Key type asymmetric registered
[    1.023125] Asymmetric key parser 'x509' registered
[    1.025263] Block layer SCSI generic (bsg) driver version 0.4 loaded (major 246)
[    1.028468] io scheduler noop registered
[    1.030131] io scheduler deadline registered
[    1.031989] io scheduler cfq registered (default)
[    1.034512] ACPI: AC Adapter [AC] (on-line)
[    1.036371] input: Power Button as /devices/LNXSYSTM:00/LNXPWRBN:00/input/input0
[    1.039542] ACPI: Power Button [PWRF]
[    1.041435] input: Sleep Button as /devices/LNXSYSTM:00/LNXSLPBN:00/input/input1
[    1.044459] ACPI: Sleep Button [SLPF]
[    1.048263] ACPI: Battery Slot [BAT0] (battery present)
[    1.048288] Serial: 8250/16550 driver, 32 ports, IRQ sharing enabled
[    1.075043] 00:02: ttyS0 at I/O 0x3f8 (irq = 4, base_baud = 115200) is a 16550A
[    1.080300] Linux agpgart interface v0.103
[    1.084699] loop: module loaded
[    1.087054] scsi host0: ata_piix
[    1.088656] scsi host1: ata_piix
[    1.090061] ata1: PATA max UDMA/33 cmd 0x1f0 ctl 0x3f6 bmdma 0xd000 irq 14
[    1.092665] ata2: PATA max UDMA/33 cmd 0x170 ctl 0x376 bmdma 0xd008 irq 15
[    1.095326] tun: Universal TUN/TAP device driver, 1.6
[    1.097400] PPP generic driver version 2.4.2
[    1.099156] ehci_hcd: USB 2.0 'Enhanced' Host Controller (EHCI) Driver
[    1.101635] ehci-pci: EHCI PCI platform driver
[    1.103927] ehci-platform: EHCI generic platform driver
[    1.105913] ohci_hcd: USB 1.1 'Open' Host Controller (OHCI) Driver
[    1.108112] ohci-pci: OHCI PCI platform driver
[    1.109932] ohci-platform: OHCI generic platform driver
[    1.111865] uhci_hcd: USB Universal Host Controller Interface driver
[    1.114225] i8042: PNP: PS/2 Controller [PNP0303:PS2K,PNP0f03:PS2M] at 0x60,0x64 irq 1,12
[    1.118005] serio: i8042 KBD port at 0x60,0x64 irq 1
[    1.119952] serio: i8042 AUX port at 0x60,0x64 irq 12
[    1.121992] mousedev: PS/2 mouse device common for all mice
[    1.124703] input: AT Translated Set 2 keyboard as /devices/platform/i8042/serio0/input/input2
[    1.128440] rtc_cmos rtc_cmos: rtc core: registered rtc_cmos as rtc0
[    1.130876] rtc_cmos rtc_cmos: alarms up to one day, 114 bytes nvram
[    1.133194] i2c /dev entries driver
[    1.134675] device-mapper: uevent: version 1.0.3
[    1.136517] device-mapper: ioctl: 4.37.0-ioctl (2017-09-20) initialised: dm-devel@redhat.com
[    1.139771] ledtrig-cpu: registered to indicate activity on CPUs
[    1.142570] NET: Registered protocol family 10
[    1.150453] Segment Routing with IPv6
[    1.151966] NET: Registered protocol family 17
[    1.153889] Key type dns_resolver registered
[    1.156176] mce: Using 0 MCE banks
[    1.157581] RAS: Correctable Errors collector initialized.
[    1.159375] sched_clock: Marking stable (1156039644, 0)->(1489703119, -333663475)
[    1.162275] registered taskstats version 1
[    1.163617] Loading compiled-in X.509 certificates
[    1.169155] Loaded X.509 cert 'Build time autogenerated kernel key: b5b26778eaa3ab3a4a6cee031137706e947d12ad'
[    1.173166] Loaded X.509 cert 'Canonical Ltd. Live Patch Signing: 14df34d1a87cf37625abec039ef2bf521249b969'
[    1.176942] Loaded X.509 cert 'Canonical Ltd. Kernel Module Signing: 88f752e560a1e0737e31163a466ad7b70a850c19'
[    1.180331] blacklist: Loading compiled-in revocation X.509 certificates
[    1.182395] Loaded X.509 cert 'Canonical Ltd. Secure Boot Signing: 61482aa2830d0ab2ad5af10b7250da9033ddcef0'
[    1.185513] Loaded X.509 cert 'Canonical Ltd. Secure Boot Signing (2017): 242ade75ac4a15e50d50c84b0d45ff3eae707a03'
[    1.188810] Loaded X.509 cert 'Canonical Ltd. Secure Boot Signing (ESM 2018): 365188c1d374d6b07c3c8f240f8ef722433d6a8b'
[    1.192477] Loaded X.509 cert 'Canonical Ltd. Secure Boot Signing (2019): c0746fd6c5da3ae827864651ad66ae47fe24b3e8'
[    1.195702] Loaded X.509 cert 'Canonical Ltd. Secure Boot Signing (2021 v1): a8d54bbb3825cfb94fa13c9f8a594a195c107b8d'
[    1.199047] Loaded X.509 cert 'Canonical Ltd. Secure Boot Signing (2021 v2): 4cf046892d6fd3c9a5b03f98d845f90851dc6a8c'
[    1.202380] Loaded X.509 cert 'Canonical Ltd. Secure Boot Signing (2021 v3): 100437bb6de6e469b581e61cd66bce3ef4ed53af'
[    1.206055] Loaded X.509 cert 'Canonical Ltd. Secure Boot Signing (Ubuntu Core 2019): c1d57b8f6b743f23ee41f4f7ee292f06eecadfb9'
[    1.209895] zswap: loaded using pool lzo/zbud
[    1.217184] Key type big_key registered
[    1.218761] Key type trusted registered
[    1.223566] Key type encrypted registered
[    1.225342] AppArmor: AppArmor sha1 policy hashing enabled
[    1.227489] ima: No TPM chip found, activating TPM-bypass! (rc=-19)
[    1.231067] ima: Allocated hash algorithm: sha1
[    1.233853] evm: HMAC attrs: 0x1
[    1.235728]   Magic number: 4:602:544
[    1.238244] tty ttyS20: hash matches
[    1.239832] rtc_cmos rtc_cmos: setting system clock to 2024-08-16 18:30:35 UTC (1723833035)
[    1.243334] BIOS EDD facility v0.16 2004-Jun-25, 0 devices found
[    1.245665] EDD information not available.
[    1.281029] Freeing unused kernel image memory: 2480K
[    1.292245] Write protecting the kernel read-only data: 20480k
[    1.295594] Freeing unused kernel image memory: 2008K
[    1.298209] Freeing unused kernel image memory: 1820K
[    1.315090] x86/mm: Checked W+X mappings: passed, no W+X pages found.
[    1.317839] x86/mm: Checking user space page tables
[    1.334761] x86/mm: Checked W+X mappings: passed, no W+X pages found.
Loading, please wait...
starting version 237
[    1.447628] e1000: Intel(R) PRO/1000 Network Driver - version 7.3.21-k8-NAPI
[    1.450285] e1000: Copyright (c) 1999-2006 Intel Corporation.
[    1.479135] Fusion MPT base driver 3.04.20
[    1.481219] Copyright (c) 1999-2008 LSI Corporation
[    1.505629] AVX2 version of gcm_enc/dec engaged.
[    1.507624] AES CTR mode by8 optimization enabled
[    1.528382] Fusion MPT SPI Host driver 3.04.20
[    1.692982] input: ImExPS/2 Generic Explorer Mouse as /devices/platform/i8042/serio1/input/input4
[    2.056071] e1000 0000:00:03.0 eth0: (PCI:33MHz:32-bit) 02:3b:7b:b7:3b:2d
[    2.063054] e1000 0000:00:03.0 eth0: Intel(R) PRO/1000 Network Connection
[    2.073029] mptbase: ioc0: Initiating bringup
[    3.623363] ioc0: LSI53C1030 A0: Capabilities={Initiator}
[    6.018652] scsi host2: ioc0: LSI53C1030 A0, FwRev=00000000h, Ports=1, MaxQ=256, IRQ=20
[    8.003694] scsi 2:0:0:0: Direct-Access     VBOX     HARDDISK         1.0  PQ: 0 ANSI: 5
[    8.032267] scsi target2:0:0: Beginning Domain Validation
[    8.083303] scsi target2:0:0: Domain Validation skipping write tests
[    8.086341] scsi target2:0:0: Ending Domain Validation
[    8.098670] scsi target2:0:0: asynchronous
[    8.112333] scsi 2:0:1:0: Direct-Access     VBOX     HARDDISK         1.0  PQ: 0 ANSI: 5
[    8.412450] scsi target2:0:1: Beginning Domain Validation
[    8.416813] scsi target2:0:1: Domain Validation skipping write tests
[    8.418742] scsi target2:0:1: Ending Domain Validation
[    8.420680] scsi target2:0:1: asynchronous
[    8.428040] sd 2:0:0:0: Attached scsi generic sg0 type 0
[    8.434362] sd 2:0:1:0: [sdb] 20480 512-byte logical blocks: (10.5 MB/10.0 MiB)
[    8.437909] sd 2:0:1:0: [sdb] Write Protect is off
[    8.439944] sd 2:0:1:0: Attached scsi generic sg1 type 0
[    8.442351] sd 2:0:1:0: [sdb] Incomplete mode parameter data
[    8.444669] sd 2:0:1:0: [sdb] Assuming drive cache: write through
[    8.445087] sd 2:0:0:0: [sda] 83886080 512-byte logical blocks: (42.9 GB/40.0 GiB)
[    8.450068] sd 2:0:0:0: [sda] Write Protect is off
[    8.452311] sd 2:0:0:0: [sda] Incomplete mode parameter data
[    8.453868] e1000 0000:00:08.0 eth1: (PCI:33MHz:32-bit) 08:00:27:91:bc:87
[    8.454432] sd 2:0:0:0: [sda] Assuming drive cache: write through
[    8.456978] e1000 0000:00:08.0 eth1: Intel(R) PRO/1000 Network Connection
[    8.476190]  sda: sda1
[    8.480406] sd 2:0:0:0: [sda] Attached SCSI disk
[    8.498788] sd 2:0:1:0: [sdb] Attached SCSI disk
[    8.503161] e1000 0000:00:08.0 enp0s8: renamed from eth1
[    8.525056] e1000 0000:00:03.0 enp0s3: renamed from eth0
Begin: Loading essential drivers ... [   10.872067] raid6: sse2x1   gen()  6750 MB/s
[   10.920038] raid6: sse2x1   xor()  4881 MB/s
[   10.970763] raid6: sse2x2   gen()  8812 MB/s
[   11.020028] raid6: sse2x2   xor()  5721 MB/s
[   11.068078] raid6: sse2x4   gen()  9417 MB/s
[   11.118127] raid6: sse2x4   xor()  6186 MB/s
[   11.164029] raid6: avx2x1   gen() 13566 MB/s
[   11.212068] raid6: avx2x1   xor()  9337 MB/s
[   11.260038] raid6: avx2x2   gen() 16042 MB/s
[   11.308028] raid6: avx2x2   xor() 10311 MB/s
[   11.356047] raid6: avx2x4   gen() 18319 MB/s
[   11.404027] raid6: avx2x4   xor() 10943 MB/s
[   11.405720] raid6: using algorithm avx2x4 gen() 18319 MB/s
[   11.407854] raid6: .... xor() 10943 MB/s, rmw enabled
[   11.409839] raid6: using avx2x2 recovery algorithm
[   11.414842] xor: automatically using best checksumming function   avx       
[   11.419684] async_tx: api initialized (async)
done.
Begin: Running /scripts/init-premount ... done.
Begin: Mounting root file system ... Begin: Running /scripts/local-top ... done.
Begin: Running /scripts/local-premount ... [   11.528751] Btrfs loaded, crc32c=crc32c-intel
Scanning for Btrfs filesystems
done.
Warning: fsck not present, so skipping root file system
[   12.854462] EXT4-fs (sda1): mounted filesystem with ordered data mode. Opts: (null)
done.
Begin: Running /scripts/local-bottom ... done.
Begin: Running /scripts/init-bottom ... done.
[   13.740790] ip_tables: (C) 2000-2006 Netfilter Core Team
[   13.818546] systemd[1]: systemd 237 running in system mode. (+PAM +AUDIT +SELINUX +IMA +APPARMOR +SMACK +SYSVINIT +UTMP +LIBCRYPTSETUP +GCRYPT +GNUTLS +ACL +XZ +LZ4 +SECCOMP +BLKID +ELFUTILS +KMOD -IDN2 +IDN -PCRE2 default-hierarchy=hybrid)
[   13.838807] systemd[1]: Detected virtualization oracle.
[   13.842586] systemd[1]: Detected architecture x86-64.

Welcome to [1mUbuntu 18.04.6 LTS[0m!

[   13.866844] systemd[1]: Set hostname to <ubuntu>.
[   13.872251] systemd[1]: Initializing machine ID from random generator.
[   13.874834] systemd[1]: Installed transient /etc/machine-id file.
[   15.104796] systemd[1]: Reached target Mounting snaps.
[[0;32m  OK  [0m] Reached target Mounting snaps.
[   15.109765] systemd[1]: Reached target Mounted snaps.
[[0;32m  OK  [0m] Reached target Mounted snaps.
[   15.113058] systemd[1]: Reached target System Time Synchronized.
[[0;32m  OK  [0m] Reached target System Time Synchronized.
[   15.117155] systemd[1]: Started Forward Password Requests to Wall Directory Watch.
[[0;32m  OK  [0m] Started Forward Password Requests to Wall Directory Watch.
[[0;32m  OK  [0m] Created slice System Slice.
[[0;32m  OK  [0m] Listening on /dev/initctl Compatibility Named Pipe.
[[0;32m  OK  [0m] Listening on Journal Audit Socket.
[[0;32m  OK  [0m] Listening on Journal Socket.
         Starting Create list of required st…ce nodes for the current kernel...
         Starting Uncomplicated firewall...
         Starting Load Kernel Modules...
         Mounting Kernel Debug File System...
[[0;32m  OK  [0m] Listening on udev Kernel Socket.
[[0;32m  OK  [0m] Created slice system-serial\x2dgetty.slice.
         Mounting Huge Pages File System...
[[0;32m  OK  [0m] Listening on Journal Socket (/dev/log).
[[0;32m  OK  [0m] Created slice User and Session Slice.
[[0;32m  OK  [0m] Reached target Slices.
[   15.185199] Loading iSCSI transport class v2.0-870.
[[0;32m  OK  [0m] Set up automount Arbitrary Executab…rmats File System Automount Point.
[[0;32m  OK  [0m] Listening on LVM2 poll daemon socket.
[[0;32m  OK  [0m] Listening on Network Service Netlink Socket.
[[0;32m  OK  [0m] Listening on fsck to fsckd communication Socket.
[[0;32m  OK  [0m] Listening on udev Control Socket.
         Starting udev Coldplug all Devices...
         Starting File System Check on Root Device...
[   15.220531] iscsi: registered transport (tcp)
[[0;32m  OK  [0m] Listening on LVM2 metadata daemon socket.
         Starting Set the console keyboard layout...
[[0;32m  OK  [0m] Listening on Device-mapper event daemon FIFOs.
         Starting Monitoring of LVM2 mirrors…ng dmeventd or progress polling...
[[0;32m  OK  [0m] Listening on Syslog Socket.
[[0;32m  OK  [0m] Reached target User and Group Name Lookups.
         Starting Journal Service...
[[0;32m  OK  [0m] Reached target Swap.
         Mounting POSIX Message Queue File System...
[[0;32m  OK  [0m] Started Create list of required sta…vice nodes for the current kernel.
[[0;32m  OK  [0m] Started Uncomplicated firewall.
[[0;32m  OK  [0m] Mounted Kernel Debug File System.
[[0;32m  OK  [0m] Mounted Huge Pages File System.
[[0;32m  OK  [0m] Mounted POSIX Message Queue File System.
         Starting Create Static Device Nodes in /dev...
[[0;32m  OK  [0m] Started File System Check Daemon to report status.
[[0;32m  OK  [0m] Started udev Coldplug all Devices.
[   15.433758] iscsi: registered transport (iser)
[[0;32m  OK  [0m] Started Load Kernel Modules.
         Starting Apply Kernel Variables...
         Mounting FUSE Control File System...
         Mounting Kernel Configuration File System...
[[0;32m  OK  [0m] Mounted FUSE Control File System.
[[0;32m  OK  [0m] Mounted Kernel Configuration File System.
[[0;32m  OK  [0m] Started Journal Service.
[[0;32m  OK  [0m] Started File System Check on Root Device.
         Starting Remount Root and Kernel File Systems...
[[0;32m  OK  [0m] Started LVM2 metadata daemon.
[[0;32m  OK  [0m] Started Create Static Device Nodes in /dev.
[[0;32m  OK  [0m] Started Remount Root and Kernel File Systems.
         Starting Load/Save Random Seed...
         Starting udev Kernel Device Manager...
         Starting Flush Journal to Persistent Storage...
[[0;32m  OK  [0m] Started Apply Kernel Variables.
[[0;32m  OK  [0m] Started Monitoring of LVM2 mirrors,…sing dmeventd or progress polling.
[[0;32m  OK  [0m] Started Load/Save Random Seed.
[[0;32m  OK  [0m] Started udev Kernel Device Manager.
[[0;32m  OK  [0m] Started Flush Journal to Persistent Storage.
[[0;32m  OK  [0m] Found device /dev/ttyS0.
[[0;32m  OK  [0m] Listening on Load/Save RF Kill Switch Status /dev/rfkill Watch.
         Mounting Arbitrary Executable File Formats File System...
[[0;32m  OK  [0m] Mounted Arbitrary Executable File Formats File System.
[[0;32m  OK  [0m] Started Set the console keyboard layout.
[[0;32m  OK  [0m] Reached target Local File Systems (Pre).
[[0;32m  OK  [0m] Reached target Local File Systems.
         Starting Create Volatile Files and Directories...
         Starting AppArmor initialization...
         Starting Tell Plymouth To Write Out Runtime Data...
         Starting Set console font and keymap...
         Starting Commit a transient machine-id on disk...
         Starting ebtables ruleset management...
[[0;32m  OK  [0m] Started Dispatch Password Requests to Console Directory Watch.
[[0;32m  OK  [0m] Reached target Local Encrypted Volumes.
[[0;32m  OK  [0m] Started Tell Plymouth To Write Out Runtime Data.
[[0;32m  OK  [0m] Started Create Volatile Files and Directories.
         Starting Update UTMP about System Boot/Shutdown...
[[0;32m  OK  [0m] Started Update UTMP about System Boot/Shutdown.
[[0;32m  OK  [0m] Started Commit a transient machine-id on disk.
[[0;32m  OK  [0m] Started ebtables ruleset management.
[[0;32m  OK  [0m] Started Set console font and keymap.
[[0;32m  OK  [0m] Started AppArmor initialization.
         Starting Initial cloud-init job (pre-networking)...
         Starting Load AppArmor profiles managed internally by snapd...
[[0;32m  OK  [0m] Started Load AppArmor profiles managed internally by snapd.
[   27.370424] cloud-init[882]: Cloud-init v. 23.1.2-0ubuntu0~18.04.1 running 'init-local' at Fri, 16 Aug 2024 18:31:00 +0000. Up 26.42 seconds.
[[0;32m  OK  [0m] Started Initial cloud-init job (pre-networking).
[[0;32m  OK  [0m] Reached target Network (Pre).
         Starting Network Service...
[[0;32m  OK  [0m] Started Network Service.
         Starting Wait for Network to be Configured...
         Starting Network Name Resolution...
[[0;32m  OK  [0m] Started Network Name Resolution.
[[0;32m  OK  [0m] Reached target Network.
[[0;32m  OK  [0m] Reached target Host and Network Name Lookups.
[[0;32m  OK  [0m] Started Wait for Network to be Configured.
         Starting Initial cloud-init job (metadata service crawler)...
[   31.082997] cloud-init[1016]: Cloud-init v. 23.1.2-0ubuntu0~18.04.1 running 'init' at Fri, 16 Aug 2024 18:31:04 +0000. Up 30.63 seconds.
[   31.088562] cloud-init[1016]: ci-info: ++++++++++++++++++++++++++++++++++++++Net device info+++++++++++++++++++++++++++++++++++++++
[   31.097345] cloud-init[1016]: ci-info: +--------+-------+----------------------------+---------------+--------+-------------------+
[   31.120317] cloud-init[1016]: ci-info: | Device |   Up  |          Address           |      Mask     | Scope  |     Hw-Address    |
[   31.148993] cloud-init[1016]: ci-info: +--------+-------+----------------------------+---------------+--------+-------------------+
[   31.164368] cloud-init[1016]: ci-info: | enp0s3 |  True |         10.0.2.15          | 255.255.255.0 | global | 02:3b:7b:b7:3b:2d |
[   31.169152] cloud-init[1016]: ci-info: | enp0s3 |  True | fe80::3b:7bff:feb7:3b2d/64 |       .       |  link  | 02:3b:7b:b7:3b:2d |
[   31.184282] cloud-init[1016]: ci-info: | enp0s8 | False |             .              |       .       |   .    | 08:00:27:91:bc:87 |
[   31.200329] cloud-init[1016]: ci-info: |   lo   |  True |         127.0.0.1          |   255.0.0.0   |  host  |         .         |
[   31.203421] cloud-init[1016]: ci-info: |   lo   |  True |          ::1/128           |       .       |  host  |         .         |
[   31.207339] cloud-init[1016]: ci-info: +--------+-------+----------------------------+---------------+--------+-------------------+
[   31.220253] cloud-init[1016]: ci-info: ++++++++++++++++++++++++++++Route IPv4 info+++++++++++++++++++++++++++++
[   31.224152] cloud-init[1016]: ci-info: +-------+-------------+----------+-----------------+-----------+-------+
[   31.227665] cloud-init[1016]: ci-info: | Route | Destination | Gateway  |     Genmask     | Interface | Flags |
[   31.248304] cloud-init[1016]: ci-info: +-------+-------------+----------+-----------------+-----------+-------+
[   31.264260] cloud-init[1016]: ci-info: |   0   |   0.0.0.0   | 10.0.2.2 |     0.0.0.0     |   enp0s3  |   UG  |
[   31.280303] cloud-init[1016]: ci-info: |   1   |   10.0.2.0  | 0.0.0.0  |  255.255.255.0  |   enp0s3  |   U   |
[   31.282375] cloud-init[1016]: ci-info: |   2   |   10.0.2.2  | 0.0.0.0  | 255.255.255.255 |   enp0s3  |   UH  |
[   31.284603] cloud-init[1016]: ci-info: +-------+-------------+----------+-----------------+-----------+-------+
[   31.287099] cloud-init[1016]: ci-info: +++++++++++++++++++Route IPv6 info+++++++++++++++++++
[   31.288918] cloud-init[1016]: ci-info: +-------+-------------+---------+-----------+-------+
[   31.291418] cloud-init[1016]: ci-info: | Route | Destination | Gateway | Interface | Flags |
[   31.294951] cloud-init[1016]: ci-info: +-------+-------------+---------+-----------+-------+
[   31.296881] cloud-init[1016]: ci-info: |   1   |  fe80::/64  |    ::   |   enp0s3  |   U   |
[   31.298653] cloud-init[1016]: ci-info: |   3   |    local    |    ::   |   enp0s3  |   U   |
[   31.301043] cloud-init[1016]: ci-info: |   4   |   ff00::/8  |    ::   |   enp0s3  |   U   |
[   31.303331] cloud-init[1016]: ci-info: +-------+-------------+---------+-----------+-------+
[   35.318208] cloud-init[1016]: Generating public/private rsa key pair.
[   35.320215] cloud-init[1016]: Your identification has been saved in /etc/ssh/ssh_host_rsa_key.
[   35.322707] cloud-init[1016]: Your public key has been saved in /etc/ssh/ssh_host_rsa_key.pub.
[   35.326488] cloud-init[1016]: The key fingerprint is:
[   35.329232] cloud-init[1016]: SHA256:41VNDl+4kqTCwld8bI6EhoYAPJGAPj6LOglt93GKsrY root@ubuntu-bionic
[   35.344359] cloud-init[1016]: The key's randomart image is:
[   35.356342] cloud-init[1016]: +---[RSA 2048]----+
[   35.359225] cloud-init[1016]: |*o+. . . o .. ...|
[   35.372328] cloud-init[1016]: |.+  . o o + =*.. |
[   35.374320] cloud-init[1016]: |. .  o o o B..+. |
[   35.384323] cloud-init[1016]: | o    o + o.+ .  |
[   35.396376] cloud-init[1016]: |...    oS..  .   |
[   35.399214] cloud-init[1016]: |.oo . ...o       |
[   35.402175] cloud-init[1016]: |ooo. o +.        |
[   35.416373] cloud-init[1016]: |+.o . o          |
[   35.418588] cloud-init[1016]: |ooE+             |
[   35.432332] cloud-init[1016]: +----[SHA256]-----+
[   35.434948] [[0;32m  OK  [0m] Started Initial cloud-init job (metadata service crawler).
[[0;32m  OK  [0m] Reached target Network is Online.
cloud-init[1016]: Generating public/private dsa key pair.
[[0;32m  OK  [0m] Reached target Remote File Systems (Pre).
[[0;32m  OK  [0m] Reached target Remote File Systems.
[   35.444566] cloud-init[1016]: Your identification has been saved in /etc/ssh/ssh_host_dsa_key.
[   35.456375] cloud-init[1016]: Your public key has been saved in /etc/ssh/ssh_host_dsa_key.pub.
         Starting Availability of block devices...
[[0;32m  OK  [0m] Reached target Cloud-config availability.
[[0;32m  OK  [0m] Reached target System Initialization.
[[0;32m  OK  [0m] Started Ubuntu Advantage Timer for running repeated jobs.
[[0;32m  OK  [0m] Started Message of the Day.
[   35.488020] cloud-init[1016]: The key fingerprint is:
[   35.693755] cloud-init[1016]: SHA256:DNriIx9OrQnkCAAU/x2JMCH3uX+KK3iXKWjYiK8fpX4 root@ubuntu-bionic
[   35.707954] cloud-init[1016]: The key's randomart image is:
[   35.917031] cloud-init[1016]: +---[DSA 1024]----+
[   35.996206] cloud-init[1016]: |o+.=.            |
[   35.997311] cloud-init[1016]: |. + + o .        |
[   36.029705] cloud-init[1016]: |.  . +.o         |
[   36.030931] cloud-init[1016]: |.   .ooo.        |
[   36.200294] cloud-init[1016]: |. . +o..S        |
[   36.202529] cloud-init[1016]: |.+ + o.          |
[[0;32m  OK  [0m] Started ACPI Events Check.
[[0;32m  OK  [0m] Listening on Open-iSCSI iscsid Socket.
[[0;32m  OK  [0m] Listening on cloud-init hotplug hook socket.
[[0;32m  OK  [0m] Listening on D-Bus System Message Bus Socket.
[[0;32m  OK  [0m] Started Daily apt download activities.
[   36.206973] cloud-init[1016]: |+oO = +. .       |
[   36.216476] cloud-init[1016]: |+=.@EO. o        |
[   36.217786] cloud-init[1016]: |o+=.Oo..         |
[   36.218824] cloud-init[1016]: +----[SHA256]-----+
[   36.228306] cloud-init[1016]: Generating public/private ecdsa key pair.
[   36.375502] cloud-init[1016]: Your identification has been saved in /etc/ssh/ssh_host_ecdsa_key.
[   36.377572] cloud-init[1016]: Your public key has been saved in /etc/ssh/ssh_host_ecdsa_key.pub.
         Starting LXD - unix socket.
[[0;32m  OK  [0m] Reached target Paths.
[   36.394507] cloud-init         Starting Socket activation for snappy daemon.
[[0;32m  OK  [0m] Listening on UUID daemon activation socket.
[[0;32m  OK  [0m] Listening on ACPID Listen Socket.
[[0;32m  OK  [0m] Started Daily Cleanup of Temporary Directories.
[[0;32m  OK  [0m] Started Daily apt upgrade and clean activities.
[1016]: [The key fingerprint is:[0;32m  OK  [0m] Started Discard unused blocks once a week.

[[0;32m  OK  [0m] Reached target Timers.
[   36.403988] cloud-init[1016]: SHA256:LCFsxef4HlAkv2+N0cc/aJfu+wqp6eITPkV/3KXd1Yc root@ubuntu-bionic[[0;32m  OK  [0m] Started Availability of block devices.
[[0;32m  OK  [0m] Listening on LXD - unix socket.
[[0;32m  OK  [0m] Listening on Socket activation for snappy daemon.
[[0;32m  OK  [0m] Reached target Sockets.
[[0;32m  OK  [0m] Reached target Basic System.

[   36.425858]          Starting Login Service...
cloud-init         Starting LSB: automatic crash report generation...
[1016]: The key's randomart image is:
[   36.433970] cloud-init[1016]: +---[ECDSA 256]---+
[   36.437406] cloud-init[1016]: |     .o..        |
[   36.452515] cloud-init[1016]: |   . ..oo        |
[   36.454024] cloud-init[1016]: |    + .=.      ..|
[   36.468490] cloud-init[1016]: |   . .oo.... .E =|
[   36.484740] cloud-init[1016]: |      .oS.....o+=|
[   36.486966] cloud-init[1016]: |       .+..+.o=.=|
[   36.489691] cloud-init[1016]: |       o ++ ++ +.|
[   36.492165] cloud-init[1016]: |        *. o..o .|
[   36.495007] cloud-init[1016]: |       ..=+   o=+|
[   36.497434] cloud-init[1016]: +----[SHA256]-----+
[   36.500423] cloud-init[1016]: Generating public/private ed25519 key pair.
[   36.512505] cloud-init[1016]: Your identification has been saved in /etc/ssh/ssh_host_ed25519_key.
[   36.516707] cloud-init[1016]: Your public key has been saved in /etc/ssh/ssh_host_ed25519_key.pub.
[   36.521204] cloud-init[1016]: The key fingerprint is:
[   36.523785] cloud-init[1016]: SHA256:jKZ0eKj69aCbHb3anRWuoPBdrirvDoApAzDf3tw0E1s root@ubuntu-bionic
[   36.536382] cloud-init[1016]: The key's randomart image is:
[   36.537686] cloud-init[1016]: +--[ED25519 256]--+
[   36.538913] cloud-init[1016]: |o       . E      |
[   36.540246] cloud-init[1016]: |.o .     +       |
[   36.541648] cloud-init[1016]: |. . .   =        |
[   36.543039] cloud-init[1016]: |o. . = = o       |
[   36.544902] cloud-init[1016]: |*   = B S .      |
[   36.546552] cloud-init[1016]: |.o o *   . .     |
[   36.548119] cloud-init[1016]: |  + = o . o      |
[   36.549619] cloud-init[1016]: | ..O B * +       |
[   36.551608] cloud-init[1016]: |..=*Xo*.=        |
[   36.553206] cloud-init[1016]: +----[SHA256]-----+
[[0;32m  OK  [0m] Started Regular background program processing daemon.
[[0;32m  OK  [0m] Started irqbalance daemon.
[[0;32m  OK  [0m] Started D-Bus System Message Bus.
[[0;32m  OK  [0m] Started Login Service.
         Starting Dispatcher daemon for systemd-networkd...
[[0;32m  OK  [0m] Reached target Login Prompts (Pre).
         Starting Pollinate to seed the pseudo random number generator...
[[0;32m  OK  [0m] Started Deferred execution scheduler.
[[0;32m  OK  [0m] Started Unattended Upgrades Shutdown.
         Starting System Logging Service...
         Starting LSB: Record successful boot for GRUB...
[[0;32m  OK  [0m] Started FUSE filesystem for LXC.
         Starting Accounts Service...
         Starting Virtualbox guest utils...
         Starting LXD - container startup/shutdown...
         Starting Snap Daemon...
         Starting Permit User Sessions...
[[0;32m  OK  [0m] Started System Logging Service.
[[0;32m  OK  [0m] Started Permit User Sessions.
         Starting Hold until boot process finishes up...
         Starting Terminate Plymouth Boot Screen...
[[0;32m  OK  [0m] Started Hold until boot process finishes up.
[[0;32m  OK  [0m] Started Serial Getty on ttyS0.
         Starting Set console scheme...
[[0;32m  OK  [0m] Started Terminate Plymouth Boot Screen.
[[0;32m  OK  [0m] Started LSB: automatic crash report generation.
[[0;32m  OK  [0m] Started Set console scheme.
[[0;32m  OK  [0m] Created slice system-getty.slice.
[[0;32m  OK  [0m] Started Getty on tty1.
[[0;32m  OK  [0m] Reached target Login Prompts.
         Starting Authorization Manager...
[[0;32m  OK  [0m] Started LSB: Record successful boot for GRUB.
[[0;32m  OK  [0m] Started Dispatcher daemon for systemd-networkd.
[[0;32m  OK  [0m] Started Authorization Manager.
[[0;32m  OK  [0m] Started Accounts Service.
[[0;32m  OK  [0m] Started Virtualbox guest utils.
[[0;32m  OK  [0m] Started LXD - container startup/shutdown.
[[0;32m  OK  [0m] Started Snap Daemon.
         Starting Wait until snapd is fully seeded...
         Starting Time & Date Service...
[[0;32m  OK  [0m] Started Time & Date Service.

Ubuntu 18.04.6 LTS ubuntu-bionic ttyS0

ubuntu-bionic login: [   51.613530] cloud-init[1773]: Cloud-init v. 23.1.2-0ubuntu0~18.04.1 running 'modules:config' at Fri, 16 Aug 2024 18:31:24 +0000. Up 50.08 seconds.
ci-info: no authorized SSH keys fingerprints found for user ubuntu.
<14>Aug 16 18:31:27 cloud-init: #############################################################
<14>Aug 16 18:31:27 cloud-init: -----BEGIN SSH HOST KEY FINGERPRINTS-----
<14>Aug 16 18:31:27 cloud-init: 1024 SHA256:DNriIx9OrQnkCAAU/x2JMCH3uX+KK3iXKWjYiK8fpX4 root@ubuntu-bionic (DSA)
<14>Aug 16 18:31:27 cloud-init: 256 SHA256:LCFsxef4HlAkv2+N0cc/aJfu+wqp6eITPkV/3KXd1Yc root@ubuntu-bionic (ECDSA)
<14>Aug 16 18:31:27 cloud-init: 256 SHA256:jKZ0eKj69aCbHb3anRWuoPBdrirvDoApAzDf3tw0E1s root@ubuntu-bionic (ED25519)
<14>Aug 16 18:31:27 cloud-init: 2048 SHA256:41VNDl+4kqTCwld8bI6EhoYAPJGAPj6LOglt93GKsrY root@ubuntu-bionic (RSA)
<14>Aug 16 18:31:27 cloud-init: -----END SSH HOST KEY FINGERPRINTS-----
<14>Aug 16 18:31:27 cloud-init: #############################################################
-----BEGIN SSH HOST KEY KEYS-----
ecdsa-sha2-nistp256 AAAAE2VjZHNhLXNoYTItbmlzdHAyNTYAAAAIbmlzdHAyNTYAAABBBN9Rbzaq5MPEauvjBFC6DFApoDY3WlBdaBOgHDWL5DgbVHwuPmIS5lsao0MFgyVOATStZ4/3RGX1Ac8QFVMJBtw= root@ubuntu-bionic
ssh-ed25519 AAAAC3NzaC1lZDI1NTE5AAAAIJnZ7PQKhAGh9R7JCTVL6/L3q70G6iayM5E9DNF6NAer root@ubuntu-bionic
ssh-rsa AAAAB3NzaC1yc2EAAAADAQABAAABAQC0DpwymNmjygvl/o42GLhyxbHZBSQpWf7+tiKzPBH6HjX6AZcWEN8XtcPX4fgzjd2nnAN5bT/4f9Y8m3tZeEU90t0CouebRZCCiUZzuZCR6zUTaK3sWrEDAsBzZfgP6DH1LpIVqRqvLpmbRFck+9O1NLzasYwMU2j6NpCVMd81cE95AVkiH6boPBfaG+iNRvtsJSgnqiWbvodo8z82i6YOG4+0gqdctx+y/0nKTXw3bQsrhg8eH0nWpnTMzXsdc6yPCS4DEmG4UHb1aoPRR4D6R9xHmZ8qPfSNdp9rh6ZirLoRYPLDEcvNp2LA6lfUwHeXuRGnjfWdYj5nz2UtPs4d root@ubuntu-bionic
-----END SSH HOST KEY KEYS-----
[   53.358686] cloud-init[1932]: Cloud-init v. 23.1.2-0ubuntu0~18.04.1 running 'modules:final' at Fri, 16 Aug 2024 18:31:27 +0000. Up 52.84 seconds.
[   53.358890] cloud-init[1932]: Cloud-init v. 23.1.2-0ubuntu0~18.04.1 finished at Fri, 16 Aug 2024 18:31:27 +0000. Datasource DataSourceNoCloud [seed=/dev/sdb][dsmode=net].  Up 53.33 seconds
